2021-04-09 15:29:15,870 [restartedMain] INFO  [com.wlgdo.mq.app.AppApplication] StartupInfoLogger.java:55 - Starting AppApplication on pc with PID 8264 (C:\Users\acer\mqApp\target\classes started by acer in C:\Users\acer\mqApp)
2021-04-09 15:29:15,875 [restartedMain] INFO  [com.wlgdo.mq.app.AppApplication] SpringApplication.java:651 - No active profile set, falling back to default profiles: default
2021-04-09 15:29:15,939 [restartedMain] INFO  [o.s.b.d.env.DevToolsPropertyDefaultsPostProcessor] DeferredLog.java:225 - Devtools property defaults active! Set 'spring.devtools.add-properties' to 'false' to disable
2021-04-09 15:29:15,940 [restartedMain] INFO  [o.s.b.d.env.DevToolsPropertyDefaultsPostProcessor] DeferredLog.java:225 - For additional web related logging consider setting the 'logging.level.web' property to 'DEBUG'
2021-04-09 15:29:16,887 [restartedMain] INFO  [o.s.d.r.config.RepositoryConfigurationDelegate] RepositoryConfigurationDelegate.java:127 - Bootstrapping Spring Data Elasticsearch repositories in DEFAULT mode.
2021-04-09 15:29:16,979 [restartedMain] INFO  [o.s.d.r.config.RepositoryConfigurationDelegate] RepositoryConfigurationDelegate.java:187 - Finished Spring Data repository scanning in 86ms. Found 1 Elasticsearch repository interfaces.
2021-04-09 15:29:16,985 [restartedMain] INFO  [o.s.d.r.config.RepositoryConfigurationDelegate] RepositoryConfigurationDelegate.java:127 - Bootstrapping Spring Data Reactive Elasticsearch repositories in DEFAULT mode.
2021-04-09 15:29:16,999 [restartedMain] INFO  [o.s.d.r.config.RepositoryConfigurationDelegate] RepositoryConfigurationDelegate.java:187 - Finished Spring Data repository scanning in 13ms. Found 0 Reactive Elasticsearch repository interfaces.
2021-04-09 15:29:17,685 [restartedMain] INFO  [o.s.boot.web.embedded.tomcat.TomcatWebServer] TomcatWebServer.java:108 - Tomcat initialized with port(s): 9000 (http)
2021-04-09 15:29:17,697 [restartedMain] INFO  [org.apache.coyote.http11.Http11NioProtocol] DirectJDKLog.java:173 - Initializing ProtocolHandler ["http-nio-9000"]
2021-04-09 15:29:17,699 [restartedMain] INFO  [org.apache.catalina.core.StandardService] DirectJDKLog.java:173 - Starting service [Tomcat]
2021-04-09 15:29:17,699 [restartedMain] INFO  [org.apache.catalina.core.StandardEngine] DirectJDKLog.java:173 - Starting Servlet engine: [Apache Tomcat/9.0.36]
2021-04-09 15:29:17,871 [restartedMain] INFO  [o.a.c.core.ContainerBase.[Tomcat].[localhost].[/]] DirectJDKLog.java:173 - Initializing Spring embedded WebApplicationContext
2021-04-09 15:29:17,872 [restartedMain] INFO  [o.s.b.w.s.c.ServletWebServerApplicationContext] ServletWebServerApplicationContext.java:285 - Root WebApplicationContext: initialization completed in 1932 ms
2021-04-09 15:29:19,049 [restartedMain] WARN  [org.springframework.data.convert.CustomConversions] CustomConversions.java:273 - Registering converter from class org.springframework.data.geo.Point to interface java.util.Map as writing converter although it doesn't convert to a store-supported type! You might want to check your annotation setup at the converter implementation.
2021-04-09 15:29:19,049 [restartedMain] WARN  [org.springframework.data.convert.CustomConversions] CustomConversions.java:263 - Registering converter from interface java.util.Map to class org.springframework.data.geo.Point as reading converter although it doesn't convert from a store-supported type! You might want to check your annotation setup at the converter implementation.
2021-04-09 15:29:19,050 [restartedMain] WARN  [org.springframework.data.convert.CustomConversions] CustomConversions.java:273 - Registering converter from class org.springframework.data.elasticsearch.core.geo.GeoPoint to interface java.util.Map as writing converter although it doesn't convert to a store-supported type! You might want to check your annotation setup at the converter implementation.
2021-04-09 15:29:19,051 [restartedMain] WARN  [org.springframework.data.convert.CustomConversions] CustomConversions.java:263 - Registering converter from interface java.util.Map to class org.springframework.data.elasticsearch.core.geo.GeoPoint as reading converter although it doesn't convert from a store-supported type! You might want to check your annotation setup at the converter implementation.
2021-04-09 15:29:19,062 [restartedMain] WARN  [org.springframework.data.convert.CustomConversions] CustomConversions.java:273 - Registering converter from class org.springframework.data.geo.Point to interface java.util.Map as writing converter although it doesn't convert to a store-supported type! You might want to check your annotation setup at the converter implementation.
2021-04-09 15:29:19,062 [restartedMain] WARN  [org.springframework.data.convert.CustomConversions] CustomConversions.java:263 - Registering converter from interface java.util.Map to class org.springframework.data.geo.Point as reading converter although it doesn't convert from a store-supported type! You might want to check your annotation setup at the converter implementation.
2021-04-09 15:29:19,063 [restartedMain] WARN  [org.springframework.data.convert.CustomConversions] CustomConversions.java:273 - Registering converter from class org.springframework.data.elasticsearch.core.geo.GeoPoint to interface java.util.Map as writing converter although it doesn't convert to a store-supported type! You might want to check your annotation setup at the converter implementation.
2021-04-09 15:29:19,064 [restartedMain] WARN  [org.springframework.data.convert.CustomConversions] CustomConversions.java:263 - Registering converter from interface java.util.Map to class org.springframework.data.elasticsearch.core.geo.GeoPoint as reading converter although it doesn't convert from a store-supported type! You might want to check your annotation setup at the converter implementation.
2021-04-09 15:29:19,191 [restartedMain] INFO  [o.s.data.elasticsearch.support.VersionInfo] VersionInfo.java:59 - Version Spring Data Elasticsearch: 4.0.1.RELEASE
2021-04-09 15:29:19,191 [restartedMain] INFO  [o.s.data.elasticsearch.support.VersionInfo] VersionInfo.java:60 - Version Elasticsearch Client in build: 7.6.2
2021-04-09 15:29:19,192 [restartedMain] INFO  [o.s.data.elasticsearch.support.VersionInfo] VersionInfo.java:61 - Version Elasticsearch Client used: 7.6.2
2021-04-09 15:29:19,192 [restartedMain] INFO  [o.s.data.elasticsearch.support.VersionInfo] VersionInfo.java:69 - Version Elasticsearch cluster: 7.12.0
2021-04-09 15:29:19,193 [restartedMain] WARN  [o.s.data.elasticsearch.support.VersionInfo] VersionInfo.java:72 - Version mismatch in between Elasticsearch Client and Cluster: 7.6.2 - 7.12.0
2021-04-09 15:29:19,292 [restartedMain] INFO  [o.s.b.d.autoconfigure.OptionalLiveReloadServer] OptionalLiveReloadServer.java:58 - LiveReload server is running on port 35729
2021-04-09 15:29:19,523 [restartedMain] WARN  [o.s.d.e.r.support.AbstractElasticsearchRepository] AbstractElasticsearchRepository.java:97 - Cannot create index: Elasticsearch exception [type=illegal_argument_exception, reason=Unknown store type [testbean]]; nested exception is ElasticsearchStatusException[Elasticsearch exception [type=illegal_argument_exception, reason=Unknown store type [testbean]]]
2021-04-09 15:29:19,711 [restartedMain] INFO  [o.s.scheduling.concurrent.ThreadPoolTaskExecutor] ExecutorConfigurationSupport.java:181 - Initializing ExecutorService 'applicationTaskExecutor'
2021-04-09 15:29:19,987 [restartedMain] INFO  [org.apache.coyote.http11.Http11NioProtocol] DirectJDKLog.java:173 - Starting ProtocolHandler ["http-nio-9000"]
2021-04-09 15:29:20,020 [restartedMain] INFO  [o.s.boot.web.embedded.tomcat.TomcatWebServer] TomcatWebServer.java:220 - Tomcat started on port(s): 9000 (http) with context path ''
2021-04-09 15:29:20,030 [restartedMain] INFO  [com.wlgdo.mq.app.AppApplication] StartupInfoLogger.java:61 - Started AppApplication in 5.157 seconds (JVM running for 6.655)
2021-04-09 15:29:34,614 [http-nio-9000-exec-1] INFO  [o.a.c.core.ContainerBase.[Tomcat].[localhost].[/]] DirectJDKLog.java:173 - Initializing Spring DispatcherServlet 'dispatcherServlet'
2021-04-09 15:29:34,614 [http-nio-9000-exec-1] INFO  [org.springframework.web.servlet.DispatcherServlet] FrameworkServlet.java:525 - Initializing Servlet 'dispatcherServlet'
2021-04-09 15:29:34,625 [http-nio-9000-exec-1] INFO  [org.springframework.web.servlet.DispatcherServlet] FrameworkServlet.java:547 - Completed initialization in 10 ms
2021-04-09 15:29:34,663 [http-nio-9000-exec-1] INFO  [com.wlgdo.mq.app.controller.SkuController] SkuController.java:24 - 查询SKU:1
2021-04-09 15:29:34,702 [http-nio-9000-exec-1] INFO  [c.wlgdo.mq.app.esUserService.impl.SkuSServiceImpl] SkuSServiceImpl.java:41 - 获取到SKU信息:Skus(skuId=1, goodsId=1, name=黑白, num=10, createTime=2021-04-08T11:29:40.102)
2021-04-09 15:30:28,487 [http-nio-9000-exec-2] INFO  [com.wlgdo.mq.app.controller.SkuController] SkuController.java:24 - 查询SKU:1
2021-04-09 15:30:28,491 [http-nio-9000-exec-2] INFO  [c.wlgdo.mq.app.esUserService.impl.SkuSServiceImpl] SkuSServiceImpl.java:41 - 获取到SKU信息:Skus(skuId=1, goodsId=1, name=黑白, num=10, createTime=2021-04-08T11:29:40.102)
